<?xml version="1.0" encoding="UTF-8"?>
<testng-results ignored="0" total="2" passed="2" failed="0" skipped="0">
  <reporter-output>
  </reporter-output>
  <suite started-at="2025-05-17T11:51:58Z" name="INOUTTEK SUITE" finished-at="2025-05-17T11:52:00Z" duration-ms="1313">
    <groups>
    </groups>
    <test started-at="2025-05-17T11:51:58Z" name="VERIFY CONTACT_BUTTON" finished-at="2025-05-17T11:51:59Z" duration-ms="762">
      <class name="testCases.Test_Contact_Details">
        <test-method signature="checkContactButton()[pri:0, instance:testCases.Test_Contact_Details@59d016c9]" started-at="2025-05-17T17:21:58Z" name="checkContactButton" finished-at="2025-05-17T17:21:59Z" duration-ms="723" status="PASS">
          <reporter-output>
          </reporter-output>
        </test-method> <!-- checkContactButton -->
      </class> <!-- testCases.Test_Contact_Details -->
    </test> <!-- VERIFY CONTACT_BUTTON -->
    <test started-at="2025-05-17T11:51:59Z" name="VERIFY SERVICES" finished-at="2025-05-17T11:52:00Z" duration-ms="458">
      <class name="testCases.Test_Services">
        <test-method is-config="true" signature="launchBrowser()[pri:0, instance:testCases.Test_Services@bef2d72]" started-at="2025-05-17T17:21:52Z" name="launchBrowser" finished-at="2025-05-17T17:21:58Z" duration-ms="6689" status="PASS">
          <reporter-output>
          </reporter-output>
        </test-method> <!-- launchBrowser -->
        <test-method signature="verifyServices()[pri:0, instance:testCases.Test_Services@bef2d72]" started-at="2025-05-17T17:21:59Z" name="verifyServices" finished-at="2025-05-17T17:22:00Z" duration-ms="453" status="PASS">
          <reporter-output>
          </reporter-output>
        </test-method> <!-- verifyServices -->
        <test-method is-config="true" signature="tearDown()[pri:0, instance:testCases.Test_Services@bef2d72]" started-at="2025-05-17T17:22:00Z" name="tearDown" finished-at="2025-05-17T17:22:00Z" duration-ms="428" status="PASS">
          <reporter-output>
          </reporter-output>
        </test-method> <!-- tearDown -->
      </class> <!-- testCases.Test_Services -->
    </test> <!-- VERIFY SERVICES -->
  </suite> <!-- INOUTTEK SUITE -->
</testng-results>
